<?xml version="1.0" encoding="UTF-8"?>
<testsuite xmlns:xsi="http://www.w3.org/2001/XMLSchema-instance" xsi:noNamespaceSchemaLocation="https://maven.apache.org/surefire/maven-surefire-plugin/xsd/surefire-test-report.xsd" name="Runner.Runner" time="31.856" tests="12" errors="0" skipped="0" failures="0">
  <properties>
    <property name="sun.desktop" value="windows"/>
    <property name="awt.toolkit" value="sun.awt.windows.WToolkit"/>
    <property name="file.encoding.pkg" value="sun.io"/>
    <property name="java.specification.version" value="1.8"/>
    <property name="sun.cpu.isalist" value="amd64"/>
    <property name="sun.jnu.encoding" value="Cp1252"/>
    <property name="java.class.path" value="D:\Users\calajoe\eclipse-workspace\Cucumber\target\test-classes;D:\Users\calajoe\eclipse-workspace\Cucumber\target\classes;D:\Users\sakolkar\.m2\repository\junit\junit\4.12\junit-4.12.jar;D:\Users\sakolkar\.m2\repository\org\hamcrest\hamcrest-core\1.3\hamcrest-core-1.3.jar;D:\Users\sakolkar\.m2\repository\org\seleniumhq\selenium\selenium-java\3.11.0\selenium-java-3.11.0.jar;D:\Users\sakolkar\.m2\repository\org\seleniumhq\selenium\selenium-api\3.11.0\selenium-api-3.11.0.jar;D:\Users\sakolkar\.m2\repository\org\seleniumhq\selenium\selenium-chrome-driver\3.11.0\selenium-chrome-driver-3.11.0.jar;D:\Users\sakolkar\.m2\repository\org\seleniumhq\selenium\selenium-edge-driver\3.11.0\selenium-edge-driver-3.11.0.jar;D:\Users\sakolkar\.m2\repository\org\seleniumhq\selenium\selenium-firefox-driver\3.11.0\selenium-firefox-driver-3.11.0.jar;D:\Users\sakolkar\.m2\repository\org\seleniumhq\selenium\selenium-ie-driver\3.11.0\selenium-ie-driver-3.11.0.jar;D:\Users\sakolkar\.m2\repository\org\seleniumhq\selenium\selenium-opera-driver\3.11.0\selenium-opera-driver-3.11.0.jar;D:\Users\sakolkar\.m2\repository\org\seleniumhq\selenium\selenium-remote-driver\3.11.0\selenium-remote-driver-3.11.0.jar;D:\Users\sakolkar\.m2\repository\org\seleniumhq\selenium\selenium-safari-driver\3.11.0\selenium-safari-driver-3.11.0.jar;D:\Users\sakolkar\.m2\repository\org\seleniumhq\selenium\selenium-support\3.11.0\selenium-support-3.11.0.jar;D:\Users\sakolkar\.m2\repository\net\bytebuddy\byte-buddy\1.7.9\byte-buddy-1.7.9.jar;D:\Users\sakolkar\.m2\repository\org\apache\commons\commons-exec\1.3\commons-exec-1.3.jar;D:\Users\sakolkar\.m2\repository\commons-codec\commons-codec\1.10\commons-codec-1.10.jar;D:\Users\sakolkar\.m2\repository\commons-logging\commons-logging\1.2\commons-logging-1.2.jar;D:\Users\sakolkar\.m2\repository\com\google\code\gson\gson\2.8.2\gson-2.8.2.jar;D:\Users\sakolkar\.m2\repository\com\google\guava\guava\23.6-jre\guava-23.6-jre.jar;D:\Users\sakolkar\.m2\repository\com\google\code\findbugs\jsr305\1.3.9\jsr305-1.3.9.jar;D:\Users\sakolkar\.m2\repository\org\checkerframework\checker-compat-qual\2.0.0\checker-compat-qual-2.0.0.jar;D:\Users\sakolkar\.m2\repository\com\google\errorprone\error_prone_annotations\2.1.3\error_prone_annotations-2.1.3.jar;D:\Users\sakolkar\.m2\repository\com\google\j2objc\j2objc-annotations\1.1\j2objc-annotations-1.1.jar;D:\Users\sakolkar\.m2\repository\org\codehaus\mojo\animal-sniffer-annotations\1.14\animal-sniffer-annotations-1.14.jar;D:\Users\sakolkar\.m2\repository\org\apache\httpcomponents\httpclient\4.5.3\httpclient-4.5.3.jar;D:\Users\sakolkar\.m2\repository\org\apache\httpcomponents\httpcore\4.4.6\httpcore-4.4.6.jar;D:\Users\sakolkar\.m2\repository\com\squareup\okhttp3\okhttp\3.9.1\okhttp-3.9.1.jar;D:\Users\sakolkar\.m2\repository\com\squareup\okio\okio\1.13.0\okio-1.13.0.jar;D:\Users\sakolkar\.m2\repository\info\cukes\cucumber-junit\1.2.5\cucumber-junit-1.2.5.jar;D:\Users\sakolkar\.m2\repository\info\cukes\cucumber-core\1.2.5\cucumber-core-1.2.5.jar;D:\Users\sakolkar\.m2\repository\info\cukes\cucumber-html\0.2.3\cucumber-html-0.2.3.jar;D:\Users\sakolkar\.m2\repository\info\cukes\cucumber-jvm-deps\1.0.5\cucumber-jvm-deps-1.0.5.jar;D:\Users\sakolkar\.m2\repository\info\cukes\gherkin\2.12.2\gherkin-2.12.2.jar;D:\Users\sakolkar\.m2\repository\info\cukes\cucumber-java\1.2.5\cucumber-java-1.2.5.jar;D:\Users\sakolkar\.m2\repository\log4j\log4j\1.2.17\log4j-1.2.17.jar;"/>
    <property name="java.vm.vendor" value="Oracle Corporation"/>
    <property name="sun.arch.data.model" value="64"/>
    <property name="user.variant" value=""/>
    <property name="java.vendor.url" value="http://java.oracle.com/"/>
    <property name="user.timezone" value=""/>
    <property name="java.vm.specification.version" value="1.8"/>
    <property name="os.name" value="Windows Server 2016"/>
    <property name="user.country" value="US"/>
    <property name="sun.java.launcher" value="SUN_STANDARD"/>
    <property name="sun.boot.library.path" value="C:\Program Files\Java\jdk1.8.0_181\jre\bin"/>
    <property name="sun.java.command" value="D:\Users\sakolkar\AppData\Local\Temp\1\surefire6279089867305521988\surefirebooter5502589635830472255.jar D:\Users\sakolkar\AppData\Local\Temp\1\surefire6279089867305521988 2019-11-29T15-22-05_861-jvmRun1 surefire6422149087333798635tmp surefire_07879619000344744811tmp"/>
    <property name="surefire.test.class.path" value="D:\Users\calajoe\eclipse-workspace\Cucumber\target\test-classes;D:\Users\calajoe\eclipse-workspace\Cucumber\target\classes;D:\Users\sakolkar\.m2\repository\junit\junit\4.12\junit-4.12.jar;D:\Users\sakolkar\.m2\repository\org\hamcrest\hamcrest-core\1.3\hamcrest-core-1.3.jar;D:\Users\sakolkar\.m2\repository\org\seleniumhq\selenium\selenium-java\3.11.0\selenium-java-3.11.0.jar;D:\Users\sakolkar\.m2\repository\org\seleniumhq\selenium\selenium-api\3.11.0\selenium-api-3.11.0.jar;D:\Users\sakolkar\.m2\repository\org\seleniumhq\selenium\selenium-chrome-driver\3.11.0\selenium-chrome-driver-3.11.0.jar;D:\Users\sakolkar\.m2\repository\org\seleniumhq\selenium\selenium-edge-driver\3.11.0\selenium-edge-driver-3.11.0.jar;D:\Users\sakolkar\.m2\repository\org\seleniumhq\selenium\selenium-firefox-driver\3.11.0\selenium-firefox-driver-3.11.0.jar;D:\Users\sakolkar\.m2\repository\org\seleniumhq\selenium\selenium-ie-driver\3.11.0\selenium-ie-driver-3.11.0.jar;D:\Users\sakolkar\.m2\repository\org\seleniumhq\selenium\selenium-opera-driver\3.11.0\selenium-opera-driver-3.11.0.jar;D:\Users\sakolkar\.m2\repository\org\seleniumhq\selenium\selenium-remote-driver\3.11.0\selenium-remote-driver-3.11.0.jar;D:\Users\sakolkar\.m2\repository\org\seleniumhq\selenium\selenium-safari-driver\3.11.0\selenium-safari-driver-3.11.0.jar;D:\Users\sakolkar\.m2\repository\org\seleniumhq\selenium\selenium-support\3.11.0\selenium-support-3.11.0.jar;D:\Users\sakolkar\.m2\repository\net\bytebuddy\byte-buddy\1.7.9\byte-buddy-1.7.9.jar;D:\Users\sakolkar\.m2\repository\org\apache\commons\commons-exec\1.3\commons-exec-1.3.jar;D:\Users\sakolkar\.m2\repository\commons-codec\commons-codec\1.10\commons-codec-1.10.jar;D:\Users\sakolkar\.m2\repository\commons-logging\commons-logging\1.2\commons-logging-1.2.jar;D:\Users\sakolkar\.m2\repository\com\google\code\gson\gson\2.8.2\gson-2.8.2.jar;D:\Users\sakolkar\.m2\repository\com\google\guava\guava\23.6-jre\guava-23.6-jre.jar;D:\Users\sakolkar\.m2\repository\com\google\code\findbugs\jsr305\1.3.9\jsr305-1.3.9.jar;D:\Users\sakolkar\.m2\repository\org\checkerframework\checker-compat-qual\2.0.0\checker-compat-qual-2.0.0.jar;D:\Users\sakolkar\.m2\repository\com\google\errorprone\error_prone_annotations\2.1.3\error_prone_annotations-2.1.3.jar;D:\Users\sakolkar\.m2\repository\com\google\j2objc\j2objc-annotations\1.1\j2objc-annotations-1.1.jar;D:\Users\sakolkar\.m2\repository\org\codehaus\mojo\animal-sniffer-annotations\1.14\animal-sniffer-annotations-1.14.jar;D:\Users\sakolkar\.m2\repository\org\apache\httpcomponents\httpclient\4.5.3\httpclient-4.5.3.jar;D:\Users\sakolkar\.m2\repository\org\apache\httpcomponents\httpcore\4.4.6\httpcore-4.4.6.jar;D:\Users\sakolkar\.m2\repository\com\squareup\okhttp3\okhttp\3.9.1\okhttp-3.9.1.jar;D:\Users\sakolkar\.m2\repository\com\squareup\okio\okio\1.13.0\okio-1.13.0.jar;D:\Users\sakolkar\.m2\repository\info\cukes\cucumber-junit\1.2.5\cucumber-junit-1.2.5.jar;D:\Users\sakolkar\.m2\repository\info\cukes\cucumber-core\1.2.5\cucumber-core-1.2.5.jar;D:\Users\sakolkar\.m2\repository\info\cukes\cucumber-html\0.2.3\cucumber-html-0.2.3.jar;D:\Users\sakolkar\.m2\repository\info\cukes\cucumber-jvm-deps\1.0.5\cucumber-jvm-deps-1.0.5.jar;D:\Users\sakolkar\.m2\repository\info\cukes\gherkin\2.12.2\gherkin-2.12.2.jar;D:\Users\sakolkar\.m2\repository\info\cukes\cucumber-java\1.2.5\cucumber-java-1.2.5.jar;D:\Users\sakolkar\.m2\repository\log4j\log4j\1.2.17\log4j-1.2.17.jar;"/>
    <property name="sun.cpu.endian" value="little"/>
    <property name="user.home" value="D:\Users\sakolkar"/>
    <property name="user.language" value="en"/>
    <property name="java.specification.vendor" value="Oracle Corporation"/>
    <property name="java.home" value="C:\Program Files\Java\jdk1.8.0_181\jre"/>
    <property name="basedir" value="D:\Users\calajoe\eclipse-workspace\Cucumber"/>
    <property name="file.separator" value="\"/>
    <property name="line.separator" value="&#10;"/>
    <property name="java.vm.specification.vendor" value="Oracle Corporation"/>
    <property name="java.specification.name" value="Java Platform API Specification"/>
    <property name="java.awt.graphicsenv" value="sun.awt.Win32GraphicsEnvironment"/>
    <property name="surefire.real.class.path" value="D:\Users\sakolkar\AppData\Local\Temp\1\surefire6279089867305521988\surefirebooter5502589635830472255.jar"/>
    <property name="sun.boot.class.path" value="C:\Program Files\Java\jdk1.8.0_181\jre\lib\resources.jar;C:\Program Files\Java\jdk1.8.0_181\jre\lib\rt.jar;C:\Program Files\Java\jdk1.8.0_181\jre\lib\sunrsasign.jar;C:\Program Files\Java\jdk1.8.0_181\jre\lib\jsse.jar;C:\Program Files\Java\jdk1.8.0_181\jre\lib\jce.jar;C:\Program Files\Java\jdk1.8.0_181\jre\lib\charsets.jar;C:\Program Files\Java\jdk1.8.0_181\jre\lib\jfr.jar;C:\Program Files\Java\jdk1.8.0_181\jre\classes"/>
    <property name="user.script" value=""/>
    <property name="sun.management.compiler" value="HotSpot 64-Bit Tiered Compilers"/>
    <property name="java.runtime.version" value="1.8.0_181-b13"/>
    <property name="user.name" value="sakolkar"/>
    <property name="path.separator" value=";"/>
    <property name="os.version" value="10.0"/>
    <property name="java.endorsed.dirs" value="C:\Program Files\Java\jdk1.8.0_181\jre\lib\endorsed"/>
    <property name="java.runtime.name" value="Java(TM) SE Runtime Environment"/>
    <property name="file.encoding" value="Cp1252"/>
    <property name="java.vm.name" value="Java HotSpot(TM) 64-Bit Server VM"/>
    <property name="localRepository" value="D:\Users\sakolkar\.m2\repository"/>
    <property name="java.vendor.url.bug" value="http://bugreport.sun.com/bugreport/"/>
    <property name="java.io.tmpdir" value="D:\Users\sakolkar\AppData\Local\Temp\1\"/>
    <property name="java.version" value="1.8.0_181"/>
    <property name="user.dir" value="D:\Users\calajoe\eclipse-workspace\Cucumber"/>
    <property name="os.arch" value="amd64"/>
    <property name="java.vm.specification.name" value="Java Virtual Machine Specification"/>
    <property name="java.awt.printerjob" value="sun.awt.windows.WPrinterJob"/>
    <property name="sun.os.patch.level" value=""/>
    <property name="java.library.path" value="C:\Program Files\Java\jdk1.8.0_181\jre\bin;C:\Windows\Sun\Java\bin;C:\Windows\system32;C:\Windows;C:\Program Files (x86)\Common Files\Oracle\Java\javapath;C:\Windows\system32;C:\Windows;C:\Windows\System32\Wbem;C:\Windows\System32\WindowsPowerShell\v1.0\;C:\Program Files\Amazon\cfn-bootstrap\;C:\Program Files\PuTTY\;C:\Program Files\Microsoft VS Code\bin;C:\Program Files\Git\cmd;C:\Program Files\Amazon\AWSCLI\;C:\Maven\apache-maven-3.6.1\bin;D:\Users\sakolkar\AppData\Local\Microsoft\WindowsApps;;."/>
    <property name="java.vm.info" value="mixed mode"/>
    <property name="java.vendor" value="Oracle Corporation"/>
    <property name="java.vm.version" value="25.181-b13"/>
    <property name="java.ext.dirs" value="C:\Program Files\Java\jdk1.8.0_181\jre\lib\ext;C:\Windows\Sun\Java\lib\ext"/>
    <property name="sun.io.unicode.encoding" value="UnicodeLittle"/>
    <property name="java.class.version" value="52.0"/>
  </properties>
  <testcase name="Given Launch simpleformspage" classname="| Ram123 |" time="0.003"/>
  <testcase name="When Enter &quot;Ram123&quot; and click show messagebutton" classname="| Ram123 |" time="0"/>
  <testcase name="Then I validate the Message is same as &quot;Ram123&quot;" classname="| Ram123 |" time="0"/>
  <testcase name="| Ram123 |" classname="| Ram123 |" time="0.139"/>
  <testcase name="Given Launch simpleformspage" classname="| Baghayashri@444 |" time="0"/>
  <testcase name="When Enter &quot;Baghayashri@444&quot; and click show messagebutton" classname="| Baghayashri@444 |" time="0"/>
  <testcase name="Then I validate the Message is same as &quot;Baghayashri@444&quot;" classname="| Baghayashri@444 |" time="0"/>
  <testcase name="| Baghayashri@444 |" classname="| Baghayashri@444 |" time="2.356"/>
  <testcase name="Given Launch simpleformspage" classname="| Apurva### |" time="0"/>
  <testcase name="When Enter &quot;Apurva###&quot; and click show messagebutton" classname="| Apurva### |" time="0"/>
  <testcase name="Then I validate the Message is same as &quot;Apurva###&quot;" classname="| Apurva### |" time="0"/>
  <testcase name="| Apurva### |" classname="| Apurva### |" time="0.106"/>
</testsuite>